#
# There is insufficient memory for the Java Runtime Environment to continue.
# Native memory allocation (mmap) failed to map 266338304 bytes for Failed to commit area from 0x0000000703200000 to 0x0000000713000000 of length 266338304.
# Possible reasons:
#   The system is out of physical RAM or swap space
#   The process is running with CompressedOops enabled, and the Java Heap may be blocking the growth of the native heap
# Possible solutions:
#   Reduce memory load on the system
#   Increase physical memory or swap space
#   Check if swap backing store is full
#   Decrease Java heap size (-Xmx/-Xms)
#   Decrease number of Java threads
#   Decrease Java thread stack sizes (-Xss)
#   Set larger code cache with -XX:ReservedCodeCacheSize=
# This output file may be truncated or incomplete.
#
#  Out of Memory Error (./open/src/hotspot/os/windows/os_windows.cpp:3275), pid=14728, tid=23352
#
# JRE version:  (11.0.9+7) (build )
# Java VM: Java HotSpot(TM) 64-Bit Server VM (11.0.9+7-LTS, mixed mode, sharing, tiered, compressed oops, g1 gc, windows-amd64)
# No core dump will be written. Minidumps are not enabled by default on client versions of Windows
#

---------------  S U M M A R Y ------------

Command Line: C:\Users\debas\AppData\Local\Temp\surefire9547879305897310530\surefirebooter18133520186858038932.jar C:\Users\debas\AppData\Local\Temp\surefire9547879305897310530 2023-03-29T21-32-57_356-jvmRun1 surefire7024784189886164326tmp surefire_06026775347264939952tmp

Host: Intel(R) Core(TM) i7-10750H CPU @ 2.60GHz, 12 cores, 15G,  Windows 10 , 64 bit Build 22621 (10.0.22621.1344)
Time: Wed Mar 29 21:33:00 2023 India Standard Time elapsed time: 0.270645 seconds (0d 0h 0m 0s)

---------------  T H R E A D  ---------------

Current thread (0x000002259454a000):  JavaThread "Unknown thread" [_thread_in_vm, id=23352, stack(0x000000da83b00000,0x000000da83c00000)]

Stack: [0x000000da83b00000,0x000000da83c00000]
Native frames: (J=compiled Java code, j=interpreted, Vv=VM code, C=native code)
V  [jvm.dll+0x611a3a]
V  [jvm.dll+0x748aaf]
V  [jvm.dll+0x74a135]
V  [jvm.dll+0x74a7b3]
V  [jvm.dll+0x2439f8]
V  [jvm.dll+0x60eeda]
V  [jvm.dll+0x603de5]
V  [jvm.dll+0x2f785c]
V  [jvm.dll+0x2f76e2]
V  [jvm.dll+0x2fc396]
V  [jvm.dll+0x33e1df]
V  [jvm.dll+0x33dc10]
V  [jvm.dll+0x2d5aa8]
V  [jvm.dll+0x2d6c06]
V  [jvm.dll+0x724927]
V  [jvm.dll+0x7261cf]
V  [jvm.dll+0x34af59]
V  [jvm.dll+0x70a4a0]
V  [jvm.dll+0x3b415f]
V  [jvm.dll+0x3b6201]
C  [jli.dll+0x520b]
C  [ucrtbase.dll+0x29363]
C  [KERNEL32.DLL+0x126bd]
C  [ntdll.dll+0x5a9f8]


---------------  P R O C E S S  ---------------

Threads class SMR info:
_java_thread_list=0x0000022594476b00, length=0, elements={
}

Java Threads: ( => current thread )

Other Threads:
  0x00000225966ab000 GCTaskThread "GC Thread#0" [stack: 0x000000da83c00000,0x000000da83d00000] [id=20024]
  0x0000022596709000 ConcurrentGCThread "G1 Main Marker" [stack: 0x000000da83d00000,0x000000da83e00000] [id=20532]
  0x000002259670b800 ConcurrentGCThread "G1 Conc#0" [stack: 0x000000da83e00000,0x000000da83f00000] [id=16552]

[error occurred during error reporting (printing all threads), id 0xc0000005, EXCEPTION_ACCESS_VIOLATION (0xc0000005) at pc=0x00007ffa794442a7]

VM state:not at safepoint (not fully initialized)

VM Mutex/Monitor currently owned by a thread:  ([mutex/lock_event])
[0x0000022596697840] Heap_lock - owner thread: 0x000002259454a000

Heap address: 0x0000000703200000, size: 4046 MB, Compressed Oops mode: Non-zero based: 0x0000000703200000
Narrow klass base: 0x0000000000000000, Narrow klass shift: 0

GC Heap History (0 events):
No events

Deoptimization events (0 events):
No events

Classes redefined (0 events):
No events

Internal exceptions (0 events):
No events

Events (0 events):
No events


Dynamic libraries:
0x00007ff7bcf60000 - 0x00007ff7bcf6f000 	C:\Program Files\Java\jdk-11.0.9\bin\java.exe
0x00007ffb0e4d0000 - 0x00007ffb0e6e4000 	C:\WINDOWS\SYSTEM32\ntdll.dll
0x00007ffb0d380000 - 0x00007ffb0d443000 	C:\WINDOWS\System32\KERNEL32.DLL
0x00007ffb0ba00000 - 0x00007ffb0bd9c000 	C:\WINDOWS\System32\KERNELBASE.dll
0x00007ffb0bec0000 - 0x00007ffb0bfd1000 	C:\WINDOWS\System32\ucrtbase.dll
0x00007ffaefc60000 - 0x00007ffaefc75000 	C:\Program Files\Java\jdk-11.0.9\bin\VCRUNTIME140.dll
0x00007ffaef950000 - 0x00007ffaef968000 	C:\Program Files\Java\jdk-11.0.9\bin\jli.dll
0x00007ffb0d1c0000 - 0x00007ffb0d26e000 	C:\WINDOWS\System32\ADVAPI32.dll
0x00007ffb0d270000 - 0x00007ffb0d317000 	C:\WINDOWS\System32\msvcrt.dll
0x00007ffb0e260000 - 0x00007ffb0e304000 	C:\WINDOWS\System32\sechost.dll
0x00007ffb0c4a0000 - 0x00007ffb0c5b5000 	C:\WINDOWS\System32\RPCRT4.dll
0x00007ffb0c2e0000 - 0x00007ffb0c48d000 	C:\WINDOWS\System32\USER32.dll
0x00007ffb0b910000 - 0x00007ffb0b936000 	C:\WINDOWS\System32\win32u.dll
0x00007ffaea5a0000 - 0x00007ffaea82e000 	C:\WINDOWS\WinSxS\amd64_microsoft.windows.common-controls_6595b64144ccf1df_6.0.22621.608_none_a9444ca7c10bb01d\COMCTL32.dll
0x00007ffb0d530000 - 0x00007ffb0d559000 	C:\WINDOWS\System32\GDI32.dll
0x00007ffb0bda0000 - 0x00007ffb0beb3000 	C:\WINDOWS\System32\gdi32full.dll
0x00007ffb0bfe0000 - 0x00007ffb0c07a000 	C:\WINDOWS\System32\msvcp_win.dll
0x00007ffafd8f0000 - 0x00007ffafd8fa000 	C:\WINDOWS\SYSTEM32\VERSION.dll
0x00007ffb0d000000 - 0x00007ffb0d031000 	C:\WINDOWS\System32\IMM32.DLL
0x00007ffaa9100000 - 0x00007ffaa919b000 	C:\Program Files\Java\jdk-11.0.9\bin\msvcp140.dll
0x00007ffa79160000 - 0x00007ffa79c57000 	C:\Program Files\Java\jdk-11.0.9\bin\server\jvm.dll
0x00007ffb0cee0000 - 0x00007ffb0cee8000 	C:\WINDOWS\System32\PSAPI.DLL
0x00007ffb05300000 - 0x00007ffb05334000 	C:\WINDOWS\SYSTEM32\WINMM.dll
0x00007ffae95e0000 - 0x00007ffae95e9000 	C:\WINDOWS\SYSTEM32\WSOCK32.dll
0x00007ffb0c670000 - 0x00007ffb0c6e1000 	C:\WINDOWS\System32\WS2_32.dll
0x00007ffb0aa20000 - 0x00007ffb0aa38000 	C:\WINDOWS\SYSTEM32\kernel.appcore.dll
0x00007ffaf7210000 - 0x00007ffaf7220000 	C:\Program Files\Java\jdk-11.0.9\bin\verify.dll
0x00007ffb08d90000 - 0x00007ffb08fbe000 	C:\WINDOWS\SYSTEM32\DBGHELP.DLL
0x00007ffb0d560000 - 0x00007ffb0d8e9000 	C:\WINDOWS\System32\combase.dll
0x00007ffb0d450000 - 0x00007ffb0d527000 	C:\WINDOWS\System32\OLEAUT32.dll
0x00007ffb052c0000 - 0x00007ffb052f2000 	C:\WINDOWS\SYSTEM32\dbgcore.DLL
0x00007ffb0c1f0000 - 0x00007ffb0c26b000 	C:\WINDOWS\System32\bcryptPrimitives.dll
0x00007ffacdc10000 - 0x00007ffacdc38000 	C:\Program Files\Java\jdk-11.0.9\bin\java.dll
0x00007ffaf05e0000 - 0x00007ffaf05ea000 	C:\Program Files\Java\jdk-11.0.9\bin\jimage.dll
0x00007ffacdbf0000 - 0x00007ffacdc06000 	C:\Program Files\Java\jdk-11.0.9\bin\zip.dll

dbghelp: loaded successfully - version: 4.0.5 - missing functions: none
symbol engine: initialized successfully - sym options: 0x614 - pdb path: .;C:\Program Files\Java\jdk-11.0.9\bin;C:\WINDOWS\SYSTEM32;C:\WINDOWS\WinSxS\amd64_microsoft.windows.common-controls_6595b64144ccf1df_6.0.22621.608_none_a9444ca7c10bb01d;C:\Program Files\Java\jdk-11.0.9\bin\server

VM Arguments:
java_command: C:\Users\debas\AppData\Local\Temp\surefire9547879305897310530\surefirebooter18133520186858038932.jar C:\Users\debas\AppData\Local\Temp\surefire9547879305897310530 2023-03-29T21-32-57_356-jvmRun1 surefire7024784189886164326tmp surefire_06026775347264939952tmp
java_class_path (initial): C:\Users\debas\AppData\Local\Temp\surefire9547879305897310530\surefirebooter18133520186858038932.jar
Launcher Type: SUN_STANDARD

[Global flags]
     intx CICompilerCount                          = 4                                         {product} {ergonomic}
     uint ConcGCThreads                            = 3                                         {product} {ergonomic}
     uint G1ConcRefinementThreads                  = 10                                        {product} {ergonomic}
   size_t G1HeapRegionSize                         = 1048576                                   {product} {ergonomic}
    uintx GCDrainStackTargetSize                   = 64                                        {product} {ergonomic}
   size_t InitialHeapSize                          = 266338304                                 {product} {ergonomic}
   size_t MarkStackSize                            = 4194304                                   {product} {ergonomic}
   size_t MaxHeapSize                              = 4242538496                                {product} {ergonomic}
   size_t MinHeapDeltaBytes                        = 1048576                                   {product} {ergonomic}
    uintx NonNMethodCodeHeapSize                   = 5836300                                {pd product} {ergonomic}
    uintx NonProfiledCodeHeapSize                  = 122910970                              {pd product} {ergonomic}
    uintx ProfiledCodeHeapSize                     = 122910970                              {pd product} {ergonomic}
    uintx ReservedCodeCacheSize                    = 251658240                              {pd product} {ergonomic}
     bool SegmentedCodeCache                       = true                                      {product} {ergonomic}
     bool UseCompressedClassPointers               = true                                 {lp64_product} {ergonomic}
     bool UseCompressedOops                        = true                                 {lp64_product} {ergonomic}
     bool UseG1GC                                  = true                                      {product} {ergonomic}
     bool UseLargePagesIndividualAllocation        = false                                  {pd product} {ergonomic}

Logging:
Log output configuration:
 #0: stdout all=warning uptime,level,tags
 #1: stderr all=off uptime,level,tags

Environment Variables:
JAVA_HOME=C:\Program Files\Java\jdk-11.0.9\
PATH=C:\Program Files\Common Files\Oracle\Java\javapath;C:\Windows\system32;C:\Windows;C:\Windows\System32\Wbem;C:\Windows\System32\WindowsPowerShell\v1.0\;C:\Windows\System32\OpenSSH\;C:\Program Files (x86)\NVIDIA Corporation\PhysX\Common;C:\Program Files\NVIDIA Corporation\NVIDIA NvDLISR;C:\Program Files\Java\jdk-11.0.9\bin;C:\Program Files\PuTTY\;C:\WINDOWS\system32;C:\WINDOWS;C:\WINDOWS\System32\Wbem;C:\WINDOWS\System32\WindowsPowerShell\v1.0\;C:\WINDOWS\System32\OpenSSH\;C:\Program Files\dotnet\;C:\Users\debas;C:\ProgramData\chocolatey\bin;C:\Program Files\nodejs\;C:\Program Files (x86)\PowerShell\7\;F:\apache-maven-3.8.7\bin;C:\Program Files\Git\bin;C:\Program Files\Git\cmd;C:\Program Files\Kubernetes\Minikube;E:\Me\skaffold.exe;;C:\Program Files\Docker\Docker\resources\bin;C:\Users\debas\AppData\Local\Microsoft\WindowsApps;C:\Users\debas\AppData\Local\Programs\Microsoft VS Code\bin;C:\Users\debas\AppData\Roaming\npm;C:\Program Files\JetBrains\IntelliJ IDEA Community Edition 2022.3.1\bin
USERNAME=debas
OS=Windows_NT
PROCESSOR_IDENTIFIER=Intel64 Family 6 Model 165 Stepping 2, GenuineIntel



---------------  S Y S T E M  ---------------

OS: Windows 10 , 64 bit Build 22621 (10.0.22621.1344)
HyperV virtualization detected

CPU:total 12 (initial active 12) (6 cores per cpu, 2 threads per core) family 6 model 165 stepping 2, cmov, cx8, fxsr, mmx, sse, sse2, sse3, ssse3, sse4.1, sse4.2, popcnt, avx, avx2, aes, clmul, erms, 3dnowpref, lzcnt, ht, tsc, tscinvbit, bmi1, bmi2, adx, fma

Memory: 4k page, system-wide physical 16177M (2045M free)
TotalPageFile size 26887M (AvailPageFile size 71M)
current process WorkingSet (physical memory assigned to process): 10M, peak: 10M
current process commit charge ("private bytes"): 64M, peak: 318M

vm_info: Java HotSpot(TM) 64-Bit Server VM (11.0.9+7-LTS) for windows-amd64 JRE (11.0.9+7-LTS), built on Sep 15 2020 16:47:03 by "mach5one" with MS VC++ 15.9 (VS2017)

END.
